<?xml version="1.0" encoding="UTF-8"?>
<Site BuildName="Linux-x86_64-linux-gnu-g++-10"
	BuildStamp="20201119-1630-Experimental"
	Name="ubuntu"
	Generator="ctest-3.16.3"
	CompilerName="/bin/x86_64-linux-gnu-g++-10"
	CompilerVersion="10.2.0"
	OSName="Linux"
	Hostname="ubuntu"
	OSRelease="5.4.0-54-generic"
	OSVersion="#60-Ubuntu SMP Fri Nov 6 10:37:59 UTC 2020"
	OSPlatform="x86_64"
	Is64Bits="1"
	VendorString="GenuineIntel"
	VendorID="Intel Corporation"
	FamilyID="6"
	ModelID="142"
	ProcessorCacheSize="4096"
	NumberOfLogicalCPU="2"
	NumberOfPhysicalCPU="2"
	TotalVirtualMemory="2047"
	TotalPhysicalMemory="7934"
	LogicalProcessorsPerPhysical="1"
	ProcessorClockFrequency="2208"
	>
	<Testing>
		<StartDateTime>Nov 19 08:30 PST</StartDateTime>
		<StartTestTime>1605803441</StartTestTime>
		<TestList/>
		<EndDateTime>Nov 19 08:30 PST</EndDateTime>
		<EndTestTime>1605803441</EndTestTime>
		<ElapsedMinutes>0</ElapsedMinutes>
	</Testing>
</Site>
